<?xml version="1.0" encoding="UTF-8"?>
<testsuite xmlns:xsi="http://www.w3.org/2001/XMLSchema-instance" xsi:noNamespaceSchemaLocation="https://maven.apache.org/surefire/maven-surefire-plugin/xsd/surefire-test-report-3.0.xsd" version="3.0" name="br.edu.lab5.TrianguloTest" time="0.101" tests="20" errors="0" skipped="0" failures="0">
  <properties>
[...]
</properties>
  <testcase name="testSomaMenorQueOTerceiro(int, int, int)[1]" classname="br.edu.lab5.TrianguloTest" time="0.006"/>
  <testcase name="testSomaMenorQueOTerceiro(int, int, int)[2]" classname="br.edu.lab5.TrianguloTest" time="0.001"/>
  <testcase name="testSomaMenorQueOTerceiro(int, int, int)[3]" classname="br.edu.lab5.TrianguloTest" time="0.001"/>
  <testcase name="testConstrutorPrivado" classname="br.edu.lab5.TrianguloTest" time="0.001"/>
  <testcase name="testLadoZero(int, int, int)[1]" classname="br.edu.lab5.TrianguloTest" time="0.001"/>
  <testcase name="testLadoZero(int, int, int)[2]" classname="br.edu.lab5.TrianguloTest" time="0.0"/>
  <testcase name="testLadoZero(int, int, int)[3]" classname="br.edu.lab5.TrianguloTest" time="0.0"/>
  <testcase name="testLadoZero(int, int, int)[4]" classname="br.edu.lab5.TrianguloTest" time="0.001"/>
  <testcase name="testLadoNegativo" classname="br.edu.lab5.TrianguloTest" time="0.001"/>
  <testcase name="testTrianguloEquilateroValido" classname="br.edu.lab5.TrianguloTest" time="0.001"/>
  <testcase name="testTrianguloEscalenoValido" classname="br.edu.lab5.TrianguloTest" time="0.001"/>
  <testcase name="testTrianguloIsosceles(int, int, int)[1]" classname="br.edu.lab5.TrianguloTest" time="0.001"/>
  <testcase name="testTrianguloIsosceles(int, int, int)[2]" classname="br.edu.lab5.TrianguloTest" time="0.0"/>
  <testcase name="testTrianguloIsosceles(int, int, int)[3]" classname="br.edu.lab5.TrianguloTest" time="0.001"/>
  <testcase name="testSomaIgualAoTerceiro(int, int, int)[1]" classname="br.edu.lab5.TrianguloTest" time="0.001"/>
  <testcase name="testSomaIgualAoTerceiro(int, int, int)[2]" classname="br.edu.lab5.TrianguloTest" time="0.001"/>
  <testcase name="testSomaIgualAoTerceiro(int, int, int)[3]" classname="br.edu.lab5.TrianguloTest" time="0.001"/>
  <testcase name="testSomaIgualAoTerceiro(int, int, int)[4]" classname="br.edu.lab5.TrianguloTest" time="0.001"/>
  <testcase name="testSomaIgualAoTerceiro(int, int, int)[5]" classname="br.edu.lab5.TrianguloTest" time="0.0"/>
  <testcase name="testSomaIgualAoTerceiro(int, int, int)[6]" classname="br.edu.lab5.TrianguloTest" time="0.001"/>
</testsuite>